<?xml version="1.0" encoding="UTF-8"?>
<!-- Generated by org.testng.reporters.JUnitReportReporter -->
<testsuite hostname="Priya" failures="0" tests="12" name="TestRunner" time="37.119" errors="0" timestamp="2024-02-25T02:46:19 IST" skipped="0">
  <testcase classname="TestRunner" name="runScenario" time="2.796"/>
  <testcase classname="TestRunner" name="runScenario" time="2.045"/>
  <testcase classname="TestRunner" name="runScenario" time="2.457"/>
  <testcase classname="TestRunner" name="runScenario" time="3.762"/>
  <testcase classname="TestRunner" name="runScenario" time="2.849"/>
  <testcase classname="TestRunner" name="runScenario" time="2.488"/>
  <testcase classname="TestRunner" name="runScenario" time="2.807"/>
  <testcase classname="TestRunner" name="runScenario" time="7.281"/>
  <testcase classname="TestRunner" name="runScenario" time="3.112"/>
  <testcase classname="TestRunner" name="runScenario" time="2.097"/>
  <testcase classname="TestRunner" name="runScenario" time="2.602"/>
  <testcase classname="TestRunner" name="runScenario" time="2.823"/>
</testsuite> <!-- TestRunner -->
