<?xml version="1.0" encoding="UTF-8"?>
<!-- Generated by org.testng.reporters.JUnitReportReporter -->
<testsuite hostname="Priya" failures="0" tests="12" name="TestRunner" time="36.471" errors="0" timestamp="2024-02-25T02:33:21 IST" skipped="0">
  <testcase classname="TestRunner" name="runScenario" time="2.666"/>
  <testcase classname="TestRunner" name="runScenario" time="2.795"/>
  <testcase classname="TestRunner" name="runScenario" time="2.137"/>
  <testcase classname="TestRunner" name="runScenario" time="2.779"/>
  <testcase classname="TestRunner" name="runScenario" time="7.764"/>
  <testcase classname="TestRunner" name="runScenario" time="2.499"/>
  <testcase classname="TestRunner" name="runScenario" time="2.965"/>
  <testcase classname="TestRunner" name="runScenario" time="3.121"/>
  <testcase classname="TestRunner" name="runScenario" time="2.125"/>
  <testcase classname="TestRunner" name="runScenario" time="2.502"/>
  <testcase classname="TestRunner" name="runScenario" time="2.673"/>
  <testcase classname="TestRunner" name="runScenario" time="2.445"/>
</testsuite> <!-- TestRunner -->
