<?xml version="1.0" encoding="UTF-8"?>
<testsuite xmlns:xsi="http://www.w3.org/2001/XMLSchema-instance" xsi:noNamespaceSchemaLocation="https://maven.apache.org/surefire/maven-surefire-plugin/xsd/surefire-test-report-3.0.xsd" version="3.0" name="TestRunner" time="38.393" tests="12" errors="0" skipped="0" failures="0">
  <properties>
    <property name="java.specification.version" value="17"/>
    <property name="webdriver.chrome.driver" value="C:\Users\priya\Desktop\swaglabs-automation-testing\swaglabs-testing\src\main\java\drivers\chromedriver.exe"/>
    <property name="sun.cpu.isalist" value="amd64"/>
    <property name="sun.jnu.encoding" value="Cp1252"/>
    <property name="java.class.path" value="C:\Users\priya\git\swaglabs-automation-testing\swaglabs-automation-testing\target\test-classes;C:\Users\priya\git\swaglabs-automation-testing\swaglabs-automation-testing\target\classes;C:\Users\priya\.m2\repository\org\seleniumhq\selenium\selenium-java\4.18.1\selenium-java-4.18.1.jar;C:\Users\priya\.m2\repository\org\seleniumhq\selenium\selenium-api\4.18.1\selenium-api-4.18.1.jar;C:\Users\priya\.m2\repository\org\seleniumhq\selenium\selenium-chrome-driver\4.18.1\selenium-chrome-driver-4.18.1.jar;C:\Users\priya\.m2\repository\com\google\auto\service\auto-service-annotations\1.1.1\auto-service-annotations-1.1.1.jar;C:\Users\priya\.m2\repository\org\seleniumhq\selenium\selenium-chromium-driver\4.18.1\selenium-chromium-driver-4.18.1.jar;C:\Users\priya\.m2\repository\org\seleniumhq\selenium\selenium-json\4.18.1\selenium-json-4.18.1.jar;C:\Users\priya\.m2\repository\org\seleniumhq\selenium\selenium-manager\4.18.1\selenium-manager-4.18.1.jar;C:\Users\priya\.m2\repository\org\seleniumhq\selenium\selenium-devtools-v120\4.18.1\selenium-devtools-v120-4.18.1.jar;C:\Users\priya\.m2\repository\org\seleniumhq\selenium\selenium-devtools-v121\4.18.1\selenium-devtools-v121-4.18.1.jar;C:\Users\priya\.m2\repository\org\seleniumhq\selenium\selenium-devtools-v122\4.18.1\selenium-devtools-v122-4.18.1.jar;C:\Users\priya\.m2\repository\org\seleniumhq\selenium\selenium-devtools-v85\4.18.1\selenium-devtools-v85-4.18.1.jar;C:\Users\priya\.m2\repository\org\seleniumhq\selenium\selenium-edge-driver\4.18.1\selenium-edge-driver-4.18.1.jar;C:\Users\priya\.m2\repository\org\seleniumhq\selenium\selenium-firefox-driver\4.18.1\selenium-firefox-driver-4.18.1.jar;C:\Users\priya\.m2\repository\org\seleniumhq\selenium\selenium-http\4.18.1\selenium-http-4.18.1.jar;C:\Users\priya\.m2\repository\dev\failsafe\failsafe\3.3.2\failsafe-3.3.2.jar;C:\Users\priya\.m2\repository\org\seleniumhq\selenium\selenium-ie-driver\4.18.1\selenium-ie-driver-4.18.1.jar;C:\Users\priya\.m2\repository\org\seleniumhq\selenium\selenium-remote-driver\4.18.1\selenium-remote-driver-4.18.1.jar;C:\Users\priya\.m2\repository\com\google\guava\guava\33.0.0-jre\guava-33.0.0-jre.jar;C:\Users\priya\.m2\repository\com\google\guava\failureaccess\1.0.2\failureaccess-1.0.2.jar;C:\Users\priya\.m2\repository\com\google\guava\listenablefuture\9999.0-empty-to-avoid-conflict-with-guava\listenablefuture-9999.0-empty-to-avoid-conflict-with-guava.jar;C:\Users\priya\.m2\repository\com\google\code\findbugs\jsr305\3.0.2\jsr305-3.0.2.jar;C:\Users\priya\.m2\repository\org\checkerframework\checker-qual\3.41.0\checker-qual-3.41.0.jar;C:\Users\priya\.m2\repository\com\google\errorprone\error_prone_annotations\2.23.0\error_prone_annotations-2.23.0.jar;C:\Users\priya\.m2\repository\com\google\j2objc\j2objc-annotations\2.8\j2objc-annotations-2.8.jar;C:\Users\priya\.m2\repository\io\opentelemetry\semconv\opentelemetry-semconv\1.23.1-alpha\opentelemetry-semconv-1.23.1-alpha.jar;C:\Users\priya\.m2\repository\io\opentelemetry\opentelemetry-api\1.35.0\opentelemetry-api-1.35.0.jar;C:\Users\priya\.m2\repository\io\opentelemetry\opentelemetry-context\1.35.0\opentelemetry-context-1.35.0.jar;C:\Users\priya\.m2\repository\io\opentelemetry\opentelemetry-exporter-logging\1.35.0\opentelemetry-exporter-logging-1.35.0.jar;C:\Users\priya\.m2\repository\io\opentelemetry\opentelemetry-sdk-common\1.35.0\opentelemetry-sdk-common-1.35.0.jar;C:\Users\priya\.m2\repository\io\opentelemetry\opentelemetry-sdk-extension-autoconfigure-spi\1.35.0\opentelemetry-sdk-extension-autoconfigure-spi-1.35.0.jar;C:\Users\priya\.m2\repository\io\opentelemetry\opentelemetry-sdk-extension-autoconfigure\1.35.0\opentelemetry-sdk-extension-autoconfigure-1.35.0.jar;C:\Users\priya\.m2\repository\io\opentelemetry\opentelemetry-api-events\1.35.0-alpha\opentelemetry-api-events-1.35.0-alpha.jar;C:\Users\priya\.m2\repository\io\opentelemetry\opentelemetry-sdk-trace\1.35.0\opentelemetry-sdk-trace-1.35.0.jar;C:\Users\priya\.m2\repository\io\opentelemetry\opentelemetry-extension-incubator\1.35.0-alpha\opentelemetry-extension-incubator-1.35.0-alpha.jar;C:\Users\priya\.m2\repository\io\opentelemetry\opentelemetry-sdk\1.35.0\opentelemetry-sdk-1.35.0.jar;C:\Users\priya\.m2\repository\io\opentelemetry\opentelemetry-sdk-metrics\1.35.0\opentelemetry-sdk-metrics-1.35.0.jar;C:\Users\priya\.m2\repository\io\opentelemetry\opentelemetry-sdk-logs\1.35.0\opentelemetry-sdk-logs-1.35.0.jar;C:\Users\priya\.m2\repository\net\bytebuddy\byte-buddy\1.14.12\byte-buddy-1.14.12.jar;C:\Users\priya\.m2\repository\org\seleniumhq\selenium\selenium-os\4.18.1\selenium-os-4.18.1.jar;C:\Users\priya\.m2\repository\org\apache\commons\commons-exec\1.3\commons-exec-1.3.jar;C:\Users\priya\.m2\repository\org\seleniumhq\selenium\selenium-safari-driver\4.18.1\selenium-safari-driver-4.18.1.jar;C:\Users\priya\.m2\repository\org\seleniumhq\selenium\selenium-support\4.18.1\selenium-support-4.18.1.jar;C:\Users\priya\.m2\repository\io\cucumber\cucumber-java\7.15.0\cucumber-java-7.15.0.jar;C:\Users\priya\.m2\repository\io\cucumber\cucumber-core\7.15.0\cucumber-core-7.15.0.jar;C:\Users\priya\.m2\repository\io\cucumber\cucumber-gherkin\7.15.0\cucumber-gherkin-7.15.0.jar;C:\Users\priya\.m2\repository\io\cucumber\cucumber-gherkin-messages\7.15.0\cucumber-gherkin-messages-7.15.0.jar;C:\Users\priya\.m2\repository\io\cucumber\gherkin\26.2.0\gherkin-26.2.0.jar;C:\Users\priya\.m2\repository\io\cucumber\messages\22.0.0\messages-22.0.0.jar;C:\Users\priya\.m2\repository\io\cucumber\tag-expressions\6.0.0\tag-expressions-6.0.0.jar;C:\Users\priya\.m2\repository\io\cucumber\cucumber-expressions\17.0.1\cucumber-expressions-17.0.1.jar;C:\Users\priya\.m2\repository\io\cucumber\datatable\7.15.0\datatable-7.15.0.jar;C:\Users\priya\.m2\repository\io\cucumber\cucumber-plugin\7.15.0\cucumber-plugin-7.15.0.jar;C:\Users\priya\.m2\repository\io\cucumber\docstring\7.15.0\docstring-7.15.0.jar;C:\Users\priya\.m2\repository\io\cucumber\html-formatter\20.4.0\html-formatter-20.4.0.jar;C:\Users\priya\.m2\repository\io\cucumber\junit-xml-formatter\0.2.0\junit-xml-formatter-0.2.0.jar;C:\Users\priya\.m2\repository\io\cucumber\ci-environment\10.0.0\ci-environment-10.0.0.jar;C:\Users\priya\.m2\repository\org\apiguardian\apiguardian-api\1.1.2\apiguardian-api-1.1.2.jar;C:\Users\priya\.m2\repository\io\cucumber\cucumber-testng\7.15.0\cucumber-testng-7.15.0.jar;C:\Users\priya\.m2\repository\org\testng\testng\7.8.0\testng-7.8.0.jar;C:\Users\priya\.m2\repository\org\slf4j\slf4j-api\1.7.36\slf4j-api-1.7.36.jar;C:\Users\priya\.m2\repository\com\beust\jcommander\1.82\jcommander-1.82.jar;C:\Users\priya\.m2\repository\org\webjars\jquery\3.6.1\jquery-3.6.1.jar;C:\Users\priya\.m2\repository\io\cucumber\cucumber-html\0.2.7\cucumber-html-0.2.7.jar;"/>
    <property name="java.vm.vendor" value="Eclipse Adoptium"/>
    <property name="sun.arch.data.model" value="64"/>
    <property name="user.variant" value=""/>
    <property name="java.vendor.url" value="https://adoptium.net/"/>
    <property name="user.timezone" value="Asia/Calcutta"/>
    <property name="os.name" value="Windows 11"/>
    <property name="java.vm.specification.version" value="17"/>
    <property name="sun.java.launcher" value="SUN_STANDARD"/>
    <property name="user.country" value="US"/>
    <property name="sun.boot.library.path" value="C:\Users\priya\.p2\pool\plugins\org.eclipse.justj.openjdk.hotspot.jre.full.win32.x86_64_17.0.10.v20240120-1143\jre\bin"/>
    <property name="sun.java.command" value="C:\Users\priya\AppData\Local\Temp\surefire1629834892744835545\surefirebooter-20240225024541081_3.jar C:\Users\priya\AppData\Local\Temp\surefire1629834892744835545 2024-02-25T02-45-40_902-jvmRun1 surefire-20240225024541081_1tmp surefire_0-20240225024541081_2tmp"/>
    <property name="jdk.debug" value="release"/>
    <property name="surefire.test.class.path" value="C:\Users\priya\git\swaglabs-automation-testing\swaglabs-automation-testing\target\test-classes;C:\Users\priya\git\swaglabs-automation-testing\swaglabs-automation-testing\target\classes;C:\Users\priya\.m2\repository\org\seleniumhq\selenium\selenium-java\4.18.1\selenium-java-4.18.1.jar;C:\Users\priya\.m2\repository\org\seleniumhq\selenium\selenium-api\4.18.1\selenium-api-4.18.1.jar;C:\Users\priya\.m2\repository\org\seleniumhq\selenium\selenium-chrome-driver\4.18.1\selenium-chrome-driver-4.18.1.jar;C:\Users\priya\.m2\repository\com\google\auto\service\auto-service-annotations\1.1.1\auto-service-annotations-1.1.1.jar;C:\Users\priya\.m2\repository\org\seleniumhq\selenium\selenium-chromium-driver\4.18.1\selenium-chromium-driver-4.18.1.jar;C:\Users\priya\.m2\repository\org\seleniumhq\selenium\selenium-json\4.18.1\selenium-json-4.18.1.jar;C:\Users\priya\.m2\repository\org\seleniumhq\selenium\selenium-manager\4.18.1\selenium-manager-4.18.1.jar;C:\Users\priya\.m2\repository\org\seleniumhq\selenium\selenium-devtools-v120\4.18.1\selenium-devtools-v120-4.18.1.jar;C:\Users\priya\.m2\repository\org\seleniumhq\selenium\selenium-devtools-v121\4.18.1\selenium-devtools-v121-4.18.1.jar;C:\Users\priya\.m2\repository\org\seleniumhq\selenium\selenium-devtools-v122\4.18.1\selenium-devtools-v122-4.18.1.jar;C:\Users\priya\.m2\repository\org\seleniumhq\selenium\selenium-devtools-v85\4.18.1\selenium-devtools-v85-4.18.1.jar;C:\Users\priya\.m2\repository\org\seleniumhq\selenium\selenium-edge-driver\4.18.1\selenium-edge-driver-4.18.1.jar;C:\Users\priya\.m2\repository\org\seleniumhq\selenium\selenium-firefox-driver\4.18.1\selenium-firefox-driver-4.18.1.jar;C:\Users\priya\.m2\repository\org\seleniumhq\selenium\selenium-http\4.18.1\selenium-http-4.18.1.jar;C:\Users\priya\.m2\repository\dev\failsafe\failsafe\3.3.2\failsafe-3.3.2.jar;C:\Users\priya\.m2\repository\org\seleniumhq\selenium\selenium-ie-driver\4.18.1\selenium-ie-driver-4.18.1.jar;C:\Users\priya\.m2\repository\org\seleniumhq\selenium\selenium-remote-driver\4.18.1\selenium-remote-driver-4.18.1.jar;C:\Users\priya\.m2\repository\com\google\guava\guava\33.0.0-jre\guava-33.0.0-jre.jar;C:\Users\priya\.m2\repository\com\google\guava\failureaccess\1.0.2\failureaccess-1.0.2.jar;C:\Users\priya\.m2\repository\com\google\guava\listenablefuture\9999.0-empty-to-avoid-conflict-with-guava\listenablefuture-9999.0-empty-to-avoid-conflict-with-guava.jar;C:\Users\priya\.m2\repository\com\google\code\findbugs\jsr305\3.0.2\jsr305-3.0.2.jar;C:\Users\priya\.m2\repository\org\checkerframework\checker-qual\3.41.0\checker-qual-3.41.0.jar;C:\Users\priya\.m2\repository\com\google\errorprone\error_prone_annotations\2.23.0\error_prone_annotations-2.23.0.jar;C:\Users\priya\.m2\repository\com\google\j2objc\j2objc-annotations\2.8\j2objc-annotations-2.8.jar;C:\Users\priya\.m2\repository\io\opentelemetry\semconv\opentelemetry-semconv\1.23.1-alpha\opentelemetry-semconv-1.23.1-alpha.jar;C:\Users\priya\.m2\repository\io\opentelemetry\opentelemetry-api\1.35.0\opentelemetry-api-1.35.0.jar;C:\Users\priya\.m2\repository\io\opentelemetry\opentelemetry-context\1.35.0\opentelemetry-context-1.35.0.jar;C:\Users\priya\.m2\repository\io\opentelemetry\opentelemetry-exporter-logging\1.35.0\opentelemetry-exporter-logging-1.35.0.jar;C:\Users\priya\.m2\repository\io\opentelemetry\opentelemetry-sdk-common\1.35.0\opentelemetry-sdk-common-1.35.0.jar;C:\Users\priya\.m2\repository\io\opentelemetry\opentelemetry-sdk-extension-autoconfigure-spi\1.35.0\opentelemetry-sdk-extension-autoconfigure-spi-1.35.0.jar;C:\Users\priya\.m2\repository\io\opentelemetry\opentelemetry-sdk-extension-autoconfigure\1.35.0\opentelemetry-sdk-extension-autoconfigure-1.35.0.jar;C:\Users\priya\.m2\repository\io\opentelemetry\opentelemetry-api-events\1.35.0-alpha\opentelemetry-api-events-1.35.0-alpha.jar;C:\Users\priya\.m2\repository\io\opentelemetry\opentelemetry-sdk-trace\1.35.0\opentelemetry-sdk-trace-1.35.0.jar;C:\Users\priya\.m2\repository\io\opentelemetry\opentelemetry-extension-incubator\1.35.0-alpha\opentelemetry-extension-incubator-1.35.0-alpha.jar;C:\Users\priya\.m2\repository\io\opentelemetry\opentelemetry-sdk\1.35.0\opentelemetry-sdk-1.35.0.jar;C:\Users\priya\.m2\repository\io\opentelemetry\opentelemetry-sdk-metrics\1.35.0\opentelemetry-sdk-metrics-1.35.0.jar;C:\Users\priya\.m2\repository\io\opentelemetry\opentelemetry-sdk-logs\1.35.0\opentelemetry-sdk-logs-1.35.0.jar;C:\Users\priya\.m2\repository\net\bytebuddy\byte-buddy\1.14.12\byte-buddy-1.14.12.jar;C:\Users\priya\.m2\repository\org\seleniumhq\selenium\selenium-os\4.18.1\selenium-os-4.18.1.jar;C:\Users\priya\.m2\repository\org\apache\commons\commons-exec\1.3\commons-exec-1.3.jar;C:\Users\priya\.m2\repository\org\seleniumhq\selenium\selenium-safari-driver\4.18.1\selenium-safari-driver-4.18.1.jar;C:\Users\priya\.m2\repository\org\seleniumhq\selenium\selenium-support\4.18.1\selenium-support-4.18.1.jar;C:\Users\priya\.m2\repository\io\cucumber\cucumber-java\7.15.0\cucumber-java-7.15.0.jar;C:\Users\priya\.m2\repository\io\cucumber\cucumber-core\7.15.0\cucumber-core-7.15.0.jar;C:\Users\priya\.m2\repository\io\cucumber\cucumber-gherkin\7.15.0\cucumber-gherkin-7.15.0.jar;C:\Users\priya\.m2\repository\io\cucumber\cucumber-gherkin-messages\7.15.0\cucumber-gherkin-messages-7.15.0.jar;C:\Users\priya\.m2\repository\io\cucumber\gherkin\26.2.0\gherkin-26.2.0.jar;C:\Users\priya\.m2\repository\io\cucumber\messages\22.0.0\messages-22.0.0.jar;C:\Users\priya\.m2\repository\io\cucumber\tag-expressions\6.0.0\tag-expressions-6.0.0.jar;C:\Users\priya\.m2\repository\io\cucumber\cucumber-expressions\17.0.1\cucumber-expressions-17.0.1.jar;C:\Users\priya\.m2\repository\io\cucumber\datatable\7.15.0\datatable-7.15.0.jar;C:\Users\priya\.m2\repository\io\cucumber\cucumber-plugin\7.15.0\cucumber-plugin-7.15.0.jar;C:\Users\priya\.m2\repository\io\cucumber\docstring\7.15.0\docstring-7.15.0.jar;C:\Users\priya\.m2\repository\io\cucumber\html-formatter\20.4.0\html-formatter-20.4.0.jar;C:\Users\priya\.m2\repository\io\cucumber\junit-xml-formatter\0.2.0\junit-xml-formatter-0.2.0.jar;C:\Users\priya\.m2\repository\io\cucumber\ci-environment\10.0.0\ci-environment-10.0.0.jar;C:\Users\priya\.m2\repository\org\apiguardian\apiguardian-api\1.1.2\apiguardian-api-1.1.2.jar;C:\Users\priya\.m2\repository\io\cucumber\cucumber-testng\7.15.0\cucumber-testng-7.15.0.jar;C:\Users\priya\.m2\repository\org\testng\testng\7.8.0\testng-7.8.0.jar;C:\Users\priya\.m2\repository\org\slf4j\slf4j-api\1.7.36\slf4j-api-1.7.36.jar;C:\Users\priya\.m2\repository\com\beust\jcommander\1.82\jcommander-1.82.jar;C:\Users\priya\.m2\repository\org\webjars\jquery\3.6.1\jquery-3.6.1.jar;C:\Users\priya\.m2\repository\io\cucumber\cucumber-html\0.2.7\cucumber-html-0.2.7.jar;"/>
    <property name="sun.cpu.endian" value="little"/>
    <property name="user.home" value="C:\Users\priya"/>
    <property name="user.language" value="en"/>
    <property name="java.specification.vendor" value="Oracle Corporation"/>
    <property name="java.version.date" value="2024-01-16"/>
    <property name="java.home" value="C:\Users\priya\.p2\pool\plugins\org.eclipse.justj.openjdk.hotspot.jre.full.win32.x86_64_17.0.10.v20240120-1143\jre"/>
    <property name="file.separator" value="\"/>
    <property name="style.color" value="always"/>
    <property name="basedir" value="C:\Users\priya\git\swaglabs-automation-testing\swaglabs-automation-testing"/>
    <property name="java.vm.compressedOopsMode" value="32-bit"/>
    <property name="line.separator" value="&#10;"/>
    <property name="java.vm.specification.vendor" value="Oracle Corporation"/>
    <property name="java.specification.name" value="Java Platform API Specification"/>
    <property name="surefire.real.class.path" value="C:\Users\priya\AppData\Local\Temp\surefire1629834892744835545\surefirebooter-20240225024541081_3.jar"/>
    <property name="user.script" value=""/>
    <property name="sun.management.compiler" value="HotSpot 64-Bit Tiered Compilers"/>
    <property name="java.runtime.version" value="17.0.10+7"/>
    <property name="user.name" value="priya"/>
    <property name="path.separator" value=";"/>
    <property name="os.version" value="10.0"/>
    <property name="java.runtime.name" value="OpenJDK Runtime Environment"/>
    <property name="file.encoding" value="Cp1252"/>
    <property name="java.vm.name" value="OpenJDK 64-Bit Server VM"/>
    <property name="java.vendor.version" value="Temurin-17.0.10+7"/>
    <property name="localRepository" value="C:\Users\priya\.m2\repository"/>
    <property name="java.vendor.url.bug" value="https://github.com/adoptium/adoptium-support/issues"/>
    <property name="java.io.tmpdir" value="C:\Users\priya\AppData\Local\Temp\"/>
    <property name="java.version" value="17.0.10"/>
    <property name="user.dir" value="C:\Users\priya\git\swaglabs-automation-testing\swaglabs-automation-testing"/>
    <property name="os.arch" value="amd64"/>
    <property name="java.vm.specification.name" value="Java Virtual Machine Specification"/>
    <property name="sun.os.patch.level" value=""/>
    <property name="native.encoding" value="Cp1252"/>
    <property name="java.library.path" value="C:\Users\priya\.p2\pool\plugins\org.eclipse.justj.openjdk.hotspot.jre.full.win32.x86_64_17.0.10.v20240120-1143\jre\bin;C:\WINDOWS\Sun\Java\bin;C:\WINDOWS\system32;C:\WINDOWS;C:/Users/priya/.p2/pool/plugins/org.eclipse.justj.openjdk.hotspot.jre.full.win32.x86_64_17.0.10.v20240120-1143/jre/bin/server;C:/Users/priya/.p2/pool/plugins/org.eclipse.justj.openjdk.hotspot.jre.full.win32.x86_64_17.0.10.v20240120-1143/jre/bin;C:\Program Files\Common Files\Oracle\Java\javapath;C:\WINDOWS\system32;C:\WINDOWS;C:\WINDOWS\System32\Wbem;C:\WINDOWS\System32\WindowsPowerShell\v1.0\;C:\WINDOWS\System32\OpenSSH\;C:\Users\priya\AppData\Local\Programs\Python\Python310\;C:\Users\priya\AppData\Local\Programs\Python\Python310\Scripts\;C:\MinGW\bin;C:\Program Files\Git\cmd;C:\Program Files\dotnet\;C:\Java Classes\Softwares\Installed\JDK\bin;C:\Users\priya\AppData\Local\Programs\Python\Python311\Scripts\;C:\Users\priya\AppData\Local\Programs\Python\Python311\;C:\Users\priya\AppData\Local\Programs\Python\Python37\Scripts\;C:\Users\priya\AppData\Local\Programs\Python\Python37\;C:\Program Files\MySQL\MySQL Shell 8.0\bin\;C:\Users\priya\AppData\Local\Microsoft\WindowsApps;C:\Users\priya\AppData\Local\Programs\Microsoft VS Code\bin;C:\Users\priya\AppData\Local\Programs\oh-my-posh\bin;C:\Users\priya\AppData\Local\Programs\oh-my-posh\themes;C:\Software\Cb\CodeBlocks\MinGW;C:\Java Classes\Softwares\Installed\JDK\bin;;C:\Program Files\JetBrains\PyCharm Community Edition 2022.3.3\bin;;C:\Program Files\JetBrains\IntelliJ IDEA Community Edition 2023.3.4\bin;;C:\Users\priya\Desktop;;."/>
    <property name="java.vm.info" value="mixed mode"/>
    <property name="java.vendor" value="Eclipse Adoptium"/>
    <property name="java.vm.version" value="17.0.10+7"/>
    <property name="sun.io.unicode.encoding" value="UnicodeLittle"/>
    <property name="java.class.version" value="61.0"/>
  </properties>
  <testcase name="runScenario[&quot;User will login to swag labs and add items to cart&quot;, &quot;Add items to shopping cart&quot;](1)" classname="TestRunner" time="3.764">
    <system-out><![CDATA[
Scenario: User will login to swag labs and add items to cart     # src/test/resources/features/AddAnItemToCart.feature:3
  Given I access the swag labs login page                        # stepDefinitions.LoginSuccessSteps.i_access_the_swag_labs_login_page()
  When I enter username                                          # stepDefinitions.LoginSuccessSteps.i_enter_username()
  And I enter password                                           # stepDefinitions.LoginSuccessSteps.i_enter_password()
  And I click on login button                                    # stepDefinitions.LoginSuccessSteps.i_click_on_login_button()
  And I add an item to cart                                      # stepDefinitions.AddAnItemToCartSteps.i_add_an_item_to_cart()
  And I click on cart icon                                       # stepDefinitions.CheckoutSuccessSteps.i_click_on_cart_icon()
  Then The items that I added should appear in the shopping cart # stepDefinitions.AddAnItemToCartSteps.the_items_that_i_added_should_appear_in_the_shopping_cart()
]]></system-out>
    <system-err><![CDATA[SLF4J: Failed to load class "org.slf4j.impl.StaticLoggerBinder".
SLF4J: Defaulting to no-operation (NOP) logger implementation
SLF4J: See http://www.slf4j.org/codes.html#StaticLoggerBinder for further details.
]]></system-err>
  </testcase>
  <testcase name="runScenario[&quot;Login, add 2 products to shopping cart and checkout successfully&quot;, &quot;Checkout Successfully&quot;](2)" classname="TestRunner" time="2.795">
    <system-out><![CDATA[
Scenario: Login, add 2 products to shopping cart and checkout successfully # src/test/resources/features/CheckoutSuccess.feature:3
  Given I access the swag labs login page                                  # stepDefinitions.LoginSuccessSteps.i_access_the_swag_labs_login_page()
  When I enter username                                                    # stepDefinitions.LoginSuccessSteps.i_enter_username()
  And I enter password                                                     # stepDefinitions.LoginSuccessSteps.i_enter_password()
  And I click on login button                                              # stepDefinitions.LoginSuccessSteps.i_click_on_login_button()
  And I add 2 items to cart                                                # stepDefinitions.CheckoutSuccessSteps.i_add_items_to_cart(int)
  And I click on cart icon                                                 # stepDefinitions.CheckoutSuccessSteps.i_click_on_cart_icon()
  And I click on checkout                                                  # stepDefinitions.CheckoutSuccessSteps.i_click_on_checkout()
  And I enter first name                                                   # stepDefinitions.CheckoutSuccessSteps.i_enter_first_name()
  And I enter last name                                                    # stepDefinitions.CheckoutSuccessSteps.i_enter_last_name()
  And I enter postal code                                                  # stepDefinitions.CheckoutSuccessSteps.i_enter_postal_code()
  And I click on continue                                                  # stepDefinitions.CheckoutSuccessSteps.i_click_on_continue()
  And I click on finish                                                    # stepDefinitions.CheckoutSuccessSteps.i_click_on_finish()
  Then I should get a successful message                                   # stepDefinitions.CheckoutSuccessSteps.i_should_get_a_successful_message()
]]></system-out>
  </testcase>
  <testcase name="runScenario[&quot;Checkout fails when user tries to checkout without providing user information&quot;, &quot;Checkout fails because of no user information&quot;](3)" classname="TestRunner" time="2.85">
    <system-out><![CDATA[
Scenario: Checkout fails when user tries to checkout without providing user information # src/test/resources/features/CheckoutWithoutUserInformationFail.feature:3
  Given I access the swag labs login page                                               # stepDefinitions.LoginSuccessSteps.i_access_the_swag_labs_login_page()
  When I enter username                                                                 # stepDefinitions.LoginSuccessSteps.i_enter_username()
  And I enter password                                                                  # stepDefinitions.LoginSuccessSteps.i_enter_password()
  And I click on login button                                                           # stepDefinitions.LoginSuccessSteps.i_click_on_login_button()
  And I add an item to cart                                                             # stepDefinitions.AddAnItemToCartSteps.i_add_an_item_to_cart()
  And I click on cart icon                                                              # stepDefinitions.CheckoutSuccessSteps.i_click_on_cart_icon()
  And I click on checkout                                                               # stepDefinitions.CheckoutSuccessSteps.i_click_on_checkout()
  And I click on continue                                                               # stepDefinitions.CheckoutSuccessSteps.i_click_on_continue()
  Then I should get an error message                                                    # stepDefinitions.CheckoutWithoutUserInformationFailSteps.i_should_get_an_error_message()
]]></system-out>
  </testcase>
  <testcase name="runScenario[&quot;Login fails when a locked out user tries to login&quot;, &quot;Locked out user login denial&quot;](4)" classname="TestRunner" time="2.096">
    <system-out><![CDATA[
Scenario: Login fails when a locked out user tries to login # src/test/resources/features/LockedOutUserLogin.feature:3
  Given I access the swag labs login page                   # stepDefinitions.LoginSuccessSteps.i_access_the_swag_labs_login_page()
  When I enter a locked out username                        # stepDefinitions.LockedOutUserLogin.i_enter_a_locked_out_username()
  And I enter password                                      # stepDefinitions.LoginSuccessSteps.i_enter_password()
  And I click on login button                               # stepDefinitions.LoginSuccessSteps.i_click_on_login_button()
  Then I get an error message for locked out user           # stepDefinitions.LockedOutUserLogin.i_get_an_error_message_for_locked_out_user()
]]></system-out>
  </testcase>
  <testcase name="runScenario[&quot;Login fails due to incorrect password&quot;, &quot;Failed Login&quot;](5)" classname="TestRunner" time="2.045">
    <system-out><![CDATA[
Scenario: Login fails due to incorrect password      # src/test/resources/features/LoginFail.feature:3
  Given I access the swag labs login page            # stepDefinitions.LoginSuccessSteps.i_access_the_swag_labs_login_page()
  When I enter username                              # stepDefinitions.LoginSuccessSteps.i_enter_username()
  And I enter wrong password                         # stepDefinitions.LoginFailSteps.i_enter_wrong_password()
  And I click on login button                        # stepDefinitions.LoginSuccessSteps.i_click_on_login_button()
  Then I get an error message for incorrect password # stepDefinitions.LoginFailSteps.i_get_an_error_message_for_incorrect_password_username()
]]></system-out>
  </testcase>
  <testcase name="runScenario[&quot;Login successfully using valid username and password&quot;, &quot;Successful Login&quot;](6)" classname="TestRunner" time="2.603">
    <system-out><![CDATA[
Scenario: Login successfully using valid username and password # src/test/resources/features/LoginSuccess.feature:3
  Given I access the swag labs login page                      # stepDefinitions.LoginSuccessSteps.i_access_the_swag_labs_login_page()
  When I enter username                                        # stepDefinitions.LoginSuccessSteps.i_enter_username()
  And I enter password                                         # stepDefinitions.LoginSuccessSteps.i_enter_password()
  And I click on login button                                  # stepDefinitions.LoginSuccessSteps.i_click_on_login_button()
  Then I should be presented with products list                # stepDefinitions.LoginSuccessSteps.i_should_be_presented_with_products_list()
]]></system-out>
  </testcase>
  <testcase name="runScenario[&quot;User will login and logout of the website successfully&quot;, &quot;Logout Successfully&quot;](7)" classname="TestRunner" time="2.822">
    <system-out><![CDATA[
Scenario: User will login and logout of the website successfully # src/test/resources/features/LogoutSuccess.feature:3
  Given I access the swag labs login page                        # stepDefinitions.LoginSuccessSteps.i_access_the_swag_labs_login_page()
  When I enter username                                          # stepDefinitions.LoginSuccessSteps.i_enter_username()
  And I enter password                                           # stepDefinitions.LoginSuccessSteps.i_enter_password()
  And I click on login button                                    # stepDefinitions.LoginSuccessSteps.i_click_on_login_button()
  And I click on hamburger menu                                  # stepDefinitions.LogoutSuccessSteps.i_click_on_hamburger_menu()
  And I click on logout                                          # stepDefinitions.LogoutSuccessSteps.i_click_on_logout()
  Then I should be back to the login page                        # stepDefinitions.LogoutSuccessSteps.i_should_be_back_to_the_login_page()
]]></system-out>
  </testcase>
  <testcase name="runScenario[&quot;User is able to navigate to About page&quot;, &quot;Navigate to About page&quot;](8)" classname="TestRunner" time="7.281">
    <system-out><![CDATA[
Scenario: User is able to navigate to About page # src/test/resources/features/NavigationToAboutPage.feature:3
  Given I access the swag labs login page        # stepDefinitions.LoginSuccessSteps.i_access_the_swag_labs_login_page()
  When I enter username                          # stepDefinitions.LoginSuccessSteps.i_enter_username()
  And I enter password                           # stepDefinitions.LoginSuccessSteps.i_enter_password()
  And I click on login button                    # stepDefinitions.LoginSuccessSteps.i_click_on_login_button()
  And I click on hamburger menu                  # stepDefinitions.LogoutSuccessSteps.i_click_on_hamburger_menu()
  And I click on About                           # stepDefinitions.NavigationToAboutPageSteps.i_click_on_about()
  Then About page should be displayed            # stepDefinitions.NavigationToAboutPageSteps.about_page_should_be_displayed()
]]></system-out>
  </testcase>
  <testcase name="runScenario[&quot;Product details are displayed when a user click on a specific product&quot;, &quot;Visibility of Product details on click&quot;](9)" classname="TestRunner" time="3.112">
    <system-out><![CDATA[
Scenario: Product details are displayed when a user click on a specific product # src/test/resources/features/ProductDetailsVisibleOnClick.feature:3
  Given I access the swag labs login page                                       # stepDefinitions.LoginSuccessSteps.i_access_the_swag_labs_login_page()
  When I enter username                                                         # stepDefinitions.LoginSuccessSteps.i_enter_username()
  And I enter password                                                          # stepDefinitions.LoginSuccessSteps.i_enter_password()
  And I click on login button                                                   # stepDefinitions.LoginSuccessSteps.i_click_on_login_button()
  And I click on a product                                                      # stepDefinitions.ProductDetailsVisibleOnClickSteps.i_click_on_a_product()
  Then I should get the details about that product                              # stepDefinitions.ProductDetailsVisibleOnClickSteps.i_should_get_the_details_about_that_product()
]]></system-out>
  </testcase>
  <testcase name="runScenario[&quot;User will login, add items to the cart and then go to the cart and remove one item&quot;, &quot;Remove item from Shopping Cart&quot;](10)" classname="TestRunner" time="2.488">
    <system-out><![CDATA[
Scenario: User will login, add items to the cart and then go to the cart and remove one item # src/test/resources/features/RemoveItemFromCart.feature:3
  Given I access the swag labs login page                                                    # stepDefinitions.LoginSuccessSteps.i_access_the_swag_labs_login_page()
  When I enter username                                                                      # stepDefinitions.LoginSuccessSteps.i_enter_username()
  And I enter password                                                                       # stepDefinitions.LoginSuccessSteps.i_enter_password()
  And I click on login button                                                                # stepDefinitions.LoginSuccessSteps.i_click_on_login_button()
  And I add items to the cart                                                                # stepDefinitions.RemoveItemFromCartSteps.i_add_items_to_the_cart()
  And I click on cart icon                                                                   # stepDefinitions.CheckoutSuccessSteps.i_click_on_cart_icon()
  And I click the remove button for a specific item                                          # stepDefinitions.RemoveItemFromCartSteps.i_click_the_remove_button_for_a_specific_item()
  Then the item should be immediately removed from the cart                                  # stepDefinitions.RemoveItemFromCartSteps.the_item_should_be_immediately_removed_from_the_cart()
  And cart count should update accordingly                                                   # stepDefinitions.RemoveItemFromCartSteps.cart_count_should_update_accordingly()
]]></system-out>
  </testcase>
  <testcase name="runScenario[&quot;Login to swag labs and sort the inventory by price in ascending order&quot;, &quot;Sort inventory by price in ascending order&quot;](11)" classname="TestRunner" time="2.807">
    <system-out><![CDATA[
Scenario: Login to swag labs and sort the inventory by price in ascending order # src/test/resources/features/SortByPriceAsc.feature:3
  Given I access the swag labs login page                                       # stepDefinitions.LoginSuccessSteps.i_access_the_swag_labs_login_page()
  When I enter username                                                         # stepDefinitions.LoginSuccessSteps.i_enter_username()
  And I enter password                                                          # stepDefinitions.LoginSuccessSteps.i_enter_password()
  And I click on login button                                                   # stepDefinitions.LoginSuccessSteps.i_click_on_login_button()
  And I click on sort                                                           # stepDefinitions.SortByPriceDescSteps.i_click_on_sort()
  And I select low to high                                                      # stepDefinitions.SortByPriceAscSteps.i_select_low_to_high()
  Then Price of items should be in ascending order                              # stepDefinitions.SortByPriceAscSteps.price_of_items_should_be_in_ascending_order()
]]></system-out>
  </testcase>
  <testcase name="runScenario[&quot;Login to swag labs and sort the inventory by price in descending order&quot;, &quot;Sort inventory by price in descending order&quot;](12)" classname="TestRunner" time="2.458">
    <system-out><![CDATA[
Scenario: Login to swag labs and sort the inventory by price in descending order # src/test/resources/features/SortByPriceDesc.feature:3
  Given I access the swag labs login page                                        # stepDefinitions.LoginSuccessSteps.i_access_the_swag_labs_login_page()
  When I enter username                                                          # stepDefinitions.LoginSuccessSteps.i_enter_username()
  And I enter password                                                           # stepDefinitions.LoginSuccessSteps.i_enter_password()
  And I click on login button                                                    # stepDefinitions.LoginSuccessSteps.i_click_on_login_button()
  And I click on sort                                                            # stepDefinitions.SortByPriceDescSteps.i_click_on_sort()
  And I select high to low                                                       # stepDefinitions.SortByPriceDescSteps.i_select_high_to_low()
  Then Price of items should be in descending order                              # stepDefinitions.SortByPriceDescSteps.price_of_items_should_be_in_descending_order()
]]></system-out>
  </testcase>
</testsuite>